git bisect start
# good: [915a52c76e343eb039dbd08d7ace5867fde42004] n
git bisect good 915a52c76e343eb039dbd08d7ace5867fde42004
# bad: [a9d3a7df8173fc7bc7cae9330d3652f5f1fd1840] n
git bisect bad a9d3a7df8173fc7bc7cae9330d3652f5f1fd1840
# bad: [a9d3a7df8173fc7bc7cae9330d3652f5f1fd1840] n
git bisect bad a9d3a7df8173fc7bc7cae9330d3652f5f1fd1840
# good: [b552a70922ad991cfdce6f1a8f3eb5f869b4fd58] n
git bisect good b552a70922ad991cfdce6f1a8f3eb5f869b4fd58
# skip: [2502ad38d7ee27e02c3b193386aab3e741db1ff5] Merge branch 'master' into WEB-13701_ProductsTaxonomy_Spike
git bisect skip 2502ad38d7ee27e02c3b193386aab3e741db1ff5
# skip: [946074bef4672b00036712847eab5822b4cb87ad] WEB-13701 - Made a few chanes for clean-up after reviewing the whole diff.
git bisect skip 946074bef4672b00036712847eab5822b4cb87ad
# skip: [9d508d1d22a496bc238eb6acd86a95dfd0ec2a56] Try double-decoding because things are dumb.
git bisect skip 9d508d1d22a496bc238eb6acd86a95dfd0ec2a56
# skip: [e71ccc3c7f4e80ae957245e807986eef7a6ffd49] Merge branch 'master' into WEB-13701_ProductsTaxonomy_Spike
git bisect skip e71ccc3c7f4e80ae957245e807986eef7a6ffd49
# skip: [6cdfe7e5cbaca58791a1212727862a2ab7f74f99] WEB-13701 - Implementation complete.  A test was written, but may need more.  Need to try this on a QA Web.
git bisect skip 6cdfe7e5cbaca58791a1212727862a2ab7f74f99
# skip: [3494d0ee7b29e920c5467337fe47bf6441cf6edd] WEB-13701 - I some some problems in my own peer review.  Correcting them in this commit.
git bisect skip 3494d0ee7b29e920c5467337fe47bf6441cf6edd
# skip: [590bd4007003b97eda3f737558b5b364a504e0c2] Ban URLs from display names.
git bisect skip 590bd4007003b97eda3f737558b5b364a504e0c2
